TN:
SF:src/addtodo.js
FN:25,(anonymous_0)
FN:30,(anonymous_1)
FN:36,(anonymous_2)
FN:42,(anonymous_3)
FNF:4
FNH:4
FNDA:2,(anonymous_0)
FNDA:2,(anonymous_1)
FNDA:3,(anonymous_2)
FNDA:2,(anonymous_3)
DA:1,1
DA:2,1
DA:26,2
DA:27,2
DA:31,2
DA:33,2
DA:37,3
DA:39,3
DA:43,2
DA:44,2
DA:45,2
DA:47,1
DA:54,1
DA:56,1
DA:61,1
LF:15
LH:15
BRDA:44,0,0,2
BRDA:44,0,1,0
BRDA:45,1,0,1
BRDA:45,1,1,1
BRF:4
BRH:3
end_of_record
TN:
SF:src/eachtodo.js
FN:70,(anonymous_0)
FN:75,(anonymous_1)
FN:80,(anonymous_2)
FN:84,(anonymous_3)
FN:99,(anonymous_4)
FN:103,(anonymous_5)
FN:104,(anonymous_6)
FNF:7
FNH:6
FNDA:3,(anonymous_0)
FNDA:3,(anonymous_1)
FNDA:1,(anonymous_2)
FNDA:6,(anonymous_3)
FNDA:3,(anonymous_4)
FNDA:3,(anonymous_5)
FNDA:0,(anonymous_6)
DA:1,1
DA:2,1
DA:71,3
DA:72,3
DA:76,3
DA:77,3
DA:81,1
DA:85,6
DA:86,3
DA:87,3
DA:92,6
DA:93,3
DA:100,3
DA:104,3
DA:105,0
DA:113,1
LF:16
LH:15
BRDA:85,0,0,3
BRDA:85,0,1,3
BRDA:86,1,0,3
BRDA:86,1,1,0
BRDA:86,2,0,3
BRDA:86,2,1,2
BRDA:88,3,0,1
BRDA:88,3,1,2
BRDA:92,4,0,3
BRDA:92,4,1,3
BRDA:107,5,0,0
BRDA:107,5,1,0
BRF:12
BRH:9
end_of_record
TN:
SF:src/todoapp.js
FN:29,(anonymous_0)
FN:51,(anonymous_1)
FN:57,(anonymous_2)
FN:59,(anonymous_3)
FN:73,(anonymous_4)
FN:78,(anonymous_5)
FNF:6
FNH:6
FNDA:1,(anonymous_0)
FNDA:1,(anonymous_1)
FNDA:1,(anonymous_2)
FNDA:3,(anonymous_3)
FNDA:2,(anonymous_4)
FNDA:1,(anonymous_5)
DA:4,1
DA:5,1
DA:30,1
DA:32,1
DA:35,1
DA:52,1
DA:53,1
DA:54,1
DA:58,1
DA:59,1
DA:60,3
DA:64,3
DA:66,3
DA:68,3
DA:69,3
DA:74,2
DA:75,2
DA:79,1
DA:80,1
DA:81,1
DA:85,1
LF:21
LH:21
BRF:0
BRH:0
end_of_record
